<?xml version="1.0" encoding="UTF-8"?>
<!-- Generated by org.testng.reporters.JUnitXMLReporter -->
<testsuite ignored="1" hostname="DESKTOP-L6N98KA" failures="0" tests="1" name="Default test" time="1.591" errors="0" timestamp="2022-01-07T16:19:29 EST">
  <testcase classname="com.nomealwaste.dao.UserDAOTest" name="validateListOfUsers" time="0.14"/>
  <testcase classname="com.nomealwaste.dao.UserDAOTest" name="validateCreateUser" time="0.0">
    <ignored/>
  </testcase> <!-- validateCreateUser -->
</testsuite> <!-- Default test -->
