<?xml version="1.0" encoding="UTF-8"?>
<testng-results ignored="1" total="2" passed="1" failed="0" skipped="0">
  <reporter-output>
  </reporter-output>
  <suite started-at="2022-01-07T16:19:27 EST" name="Default suite" finished-at="2022-01-07T16:19:29 EST" duration-ms="1591">
    <groups>
    </groups>
    <test started-at="2022-01-07T16:19:27 EST" name="Default test" finished-at="2022-01-07T16:19:29 EST" duration-ms="1591">
      <class name="com.nomealwaste.dao.UserDAOTest">
        <test-method is-config="true" signature="testSetup()[pri:0, instance:com.nomealwaste.dao.UserDAOTest@7671cb68]" started-at="2022-01-07T16:19:27 EST" name="testSetup" finished-at="2022-01-07T16:19:29 EST" duration-ms="1421" status="PASS">
          <reporter-output>
          </reporter-output>
        </test-method> <!-- testSetup -->
        <test-method signature="validateListOfUsers()[pri:0, instance:com.nomealwaste.dao.UserDAOTest@7671cb68]" started-at="2022-01-07T16:19:29 EST" name="validateListOfUsers" finished-at="2022-01-07T16:19:29 EST" duration-ms="140" status="PASS">
          <reporter-output>
          </reporter-output>
        </test-method> <!-- validateListOfUsers -->
        <test-method is-config="true" signature="testTearDown()[pri:0, instance:com.nomealwaste.dao.UserDAOTest@7671cb68]" started-at="2022-01-07T16:19:29 EST" name="testTearDown" finished-at="2022-01-07T16:19:29 EST" duration-ms="4" status="PASS">
          <reporter-output>
          </reporter-output>
        </test-method> <!-- testTearDown -->
      </class> <!-- com.nomealwaste.dao.UserDAOTest -->
    </test> <!-- Default test -->
  </suite> <!-- Default suite -->
</testng-results>
